2017-09-22 15:32:52 | INFO  | [main] com.secureweb.WebApplication:logStarting:48 - Starting WebApplication on SLAP263 with PID 11228 (D:\S2\MyOyster\eclipse-workspace-8\secureweb\target\classes started by Dipeshn in D:\S2\MyOyster\eclipse-workspace-8\secureweb)
2017-09-22 15:32:52 | INFO  | [main] com.secureweb.WebApplication:logStartupProfileInfo:666 - No active profile set, falling back to default profiles: default
2017-09-22 15:32:52 | INFO  | [main] org.springframework.boot.context.embedded.AnnotationConfigEmbeddedWebApplicationContext:prepareRefresh:578 - Refreshing org.springframework.boot.context.embedded.AnnotationConfigEmbeddedWebApplicationContext@d6da883: startup date [Fri Sep 22 15:32:52 IST 2017]; root of context hierarchy
2017-09-22 15:32:55 | INFO  | [main] org.springframework.context.support.PostProcessorRegistrationDelegate$BeanPostProcessorChecker:postProcessAfterInitialization:328 - Bean 'org.springframework.transaction.annotation.ProxyTransactionManagementConfiguration' of type [class org.springframework.transaction.annotation.ProxyTransactionManagementConfiguration$$EnhancerBySpringCGLIB$$ddbcf248] is not eligible for getting processed by all BeanPostProcessors (for example: not eligible for auto-proxying)
2017-09-22 15:32:55 | INFO  | [main] org.springframework.boot.context.embedded.tomcat.TomcatEmbeddedServletContainer:initialize:81 - Tomcat initialized with port(s): 8080 (http)
2017-09-22 15:32:55 | INFO  | [main] org.apache.catalina.core.StandardService:log:180 - Starting service Tomcat
2017-09-22 15:32:55 | INFO  | [main] org.apache.catalina.core.StandardEngine:log:180 - Starting Servlet Engine: Apache Tomcat/8.0.33
2017-09-22 15:32:56 | INFO  | [localhost-startStop-1] org.apache.jasper.servlet.TldScanner:log:180 - At least one JAR was scanned for TLDs yet contained no TLDs. Enable debug logging for this logger for a complete list of JARs that were scanned but no TLDs were found in them. Skipping unneeded JARs during scanning can improve startup time and JSP compilation time.
2017-09-22 15:32:56 | INFO  | [localhost-startStop-1] org.apache.catalina.core.ContainerBase.[Tomcat].[localhost].[/secureweb]:log:180 - Initializing Spring embedded WebApplicationContext
2017-09-22 15:32:56 | INFO  | [localhost-startStop-1] org.springframework.web.context.ContextLoader:prepareEmbeddedWebApplicationContext:272 - Root WebApplicationContext: initialization completed in 3527 ms
2017-09-22 15:32:56 | INFO  | [localhost-startStop-1] org.springframework.boot.context.embedded.FilterRegistrationBean:configure:258 - Mapping filter: 'characterEncodingFilter' to: [/*]
2017-09-22 15:32:56 | INFO  | [localhost-startStop-1] org.springframework.boot.context.embedded.FilterRegistrationBean:configure:258 - Mapping filter: 'hiddenHttpMethodFilter' to: [/*]
2017-09-22 15:32:56 | INFO  | [localhost-startStop-1] org.springframework.boot.context.embedded.FilterRegistrationBean:configure:258 - Mapping filter: 'httpPutFormContentFilter' to: [/*]
2017-09-22 15:32:56 | INFO  | [localhost-startStop-1] org.springframework.boot.context.embedded.FilterRegistrationBean:configure:258 - Mapping filter: 'requestContextFilter' to: [/*]
2017-09-22 15:32:56 | INFO  | [localhost-startStop-1] org.springframework.boot.context.embedded.DelegatingFilterProxyRegistrationBean:configure:258 - Mapping filter: 'springSecurityFilterChain' to: [/*]
2017-09-22 15:32:56 | INFO  | [localhost-startStop-1] org.springframework.boot.context.embedded.ServletRegistrationBean:onStartup:189 - Mapping servlet: 'dispatcherServlet' to [/]
2017-09-22 15:32:57 | INFO  | [localhost-startStop-1] org.springframework.orm.jpa.LocalContainerEntityManagerFactoryBean:createNativeEntityManagerFactory:339 - Building JPA container EntityManagerFactory for persistence unit 'default'
2017-09-22 15:32:59 | INFO  | [localhost-startStop-1] org.springframework.security.web.DefaultSecurityFilterChain:<init>:28 - Creating filter chain: org.springframework.security.web.util.matcher.AnyRequestMatcher@1, [org.springframework.security.web.context.request.async.WebAsyncManagerIntegrationFilter@6d9afeb2, org.springframework.security.web.context.SecurityContextPersistenceFilter@12f8f286, org.springframework.security.web.header.HeaderWriterFilter@1035f97a, org.springframework.security.web.authentication.logout.LogoutFilter@4e0dfe09, org.springframework.security.web.authentication.UsernamePasswordAuthenticationFilter@7fe4a, org.springframework.security.web.savedrequest.RequestCacheAwareFilter@1b188a67, org.springframework.security.web.servletapi.SecurityContextHolderAwareRequestFilter@ab6edee, org.springframework.security.web.authentication.AnonymousAuthenticationFilter@599ee7ea, org.springframework.security.web.session.SessionManagementFilter@6d58dbb2, org.springframework.security.web.access.ExceptionTranslationFilter@5775b3eb, org.springframework.security.web.access.intercept.FilterSecurityInterceptor@28c4d634]
2017-09-22 15:32:59 | INFO  | [main] org.springframework.web.servlet.mvc.method.annotation.RequestMappingHandlerAdapter:initControllerAdviceCache:539 - Looking for @ControllerAdvice: org.springframework.boot.context.embedded.AnnotationConfigEmbeddedWebApplicationContext@d6da883: startup date [Fri Sep 22 15:32:52 IST 2017]; root of context hierarchy
2017-09-22 15:32:59 | INFO  | [main] org.springframework.web.servlet.mvc.method.annotation.RequestMappingHandlerMapping:register:534 - Mapped "{[/updateuser],methods=[POST]}" onto public java.lang.String com.secureweb.web.RestWebController.updateUser(java.lang.String,java.lang.String,java.lang.String,java.lang.String,java.lang.String,java.lang.String,java.lang.String)
2017-09-22 15:32:59 | INFO  | [main] org.springframework.web.servlet.mvc.method.annotation.RequestMappingHandlerMapping:register:534 - Mapped "{[/detail],methods=[GET]}" onto public java.util.List<com.secureweb.model.User> com.secureweb.web.RestWebController.getUserDetail(java.lang.String)
2017-09-22 15:32:59 | INFO  | [main] org.springframework.web.servlet.mvc.method.annotation.RequestMappingHandlerMapping:register:534 - Mapped "{[/edituser],methods=[GET]}" onto public java.util.List<com.secureweb.model.User> com.secureweb.web.RestWebController.getUser(java.lang.String)
2017-09-22 15:32:59 | INFO  | [main] org.springframework.web.servlet.mvc.method.annotation.RequestMappingHandlerMapping:register:534 - Mapped "{[/getImg],methods=[GET]}" onto public java.lang.String com.secureweb.web.RestWebController.getImgPath(java.lang.String)
2017-09-22 15:32:59 | INFO  | [main] org.springframework.web.servlet.mvc.method.annotation.RequestMappingHandlerMapping:register:534 - Mapped "{[/extractusers],methods=[GET]}" onto public void com.secureweb.web.RestWebController.extractUserInfo(java.lang.String)
2017-09-22 15:32:59 | INFO  | [main] org.springframework.web.servlet.mvc.method.annotation.RequestMappingHandlerMapping:register:534 - Mapped "{[/upload],methods=[POST]}" onto public org.springframework.http.ResponseEntity<?> com.secureweb.web.RestWebController.uploadFile(org.springframework.web.multipart.MultipartFile,java.lang.String)
2017-09-22 15:32:59 | INFO  | [main] org.springframework.web.servlet.mvc.method.annotation.RequestMappingHandlerMapping:register:534 - Mapped "{[/registration],methods=[POST]}" onto public java.lang.String com.secureweb.web.UserController.registration(com.secureweb.model.User,org.springframework.validation.BindingResult,org.springframework.ui.Model)
2017-09-22 15:32:59 | INFO  | [main] org.springframework.web.servlet.mvc.method.annotation.RequestMappingHandlerMapping:register:534 - Mapped "{[/registration],methods=[GET]}" onto public java.lang.String com.secureweb.web.UserController.registration(org.springframework.ui.Model)
2017-09-22 15:32:59 | INFO  | [main] org.springframework.web.servlet.mvc.method.annotation.RequestMappingHandlerMapping:register:534 - Mapped "{[/ || /welcome],methods=[GET]}" onto public java.lang.String com.secureweb.web.UserController.welcome(org.springframework.ui.Model)
2017-09-22 15:32:59 | INFO  | [main] org.springframework.web.servlet.mvc.method.annotation.RequestMappingHandlerMapping:register:534 - Mapped "{[/login],methods=[GET]}" onto public java.lang.String com.secureweb.web.UserController.login(org.springframework.ui.Model,java.lang.String,java.lang.String)
2017-09-22 15:32:59 | INFO  | [main] org.springframework.web.servlet.mvc.method.annotation.RequestMappingHandlerMapping:register:534 - Mapped "{[/error]}" onto public org.springframework.http.ResponseEntity<java.util.Map<java.lang.String, java.lang.Object>> org.springframework.boot.autoconfigure.web.BasicErrorController.error(javax.servlet.http.HttpServletRequest)
2017-09-22 15:32:59 | INFO  | [main] org.springframework.web.servlet.mvc.method.annotation.RequestMappingHandlerMapping:register:534 - Mapped "{[/error],produces=[text/html]}" onto public org.springframework.web.servlet.ModelAndView org.springframework.boot.autoconfigure.web.BasicErrorController.errorHtml(javax.servlet.http.HttpServletRequest,javax.servlet.http.HttpServletResponse)
2017-09-22 15:32:59 | INFO  | [main] org.springframework.web.servlet.handler.SimpleUrlHandlerMapping:registerHandler:341 - Mapped URL path [/webjars/**] onto handler of type [class org.springframework.web.servlet.resource.ResourceHttpRequestHandler]
2017-09-22 15:32:59 | INFO  | [main] org.springframework.web.servlet.handler.SimpleUrlHandlerMapping:registerHandler:341 - Mapped URL path [/**] onto handler of type [class org.springframework.web.servlet.resource.ResourceHttpRequestHandler]
2017-09-22 15:32:59 | INFO  | [main] org.springframework.web.servlet.handler.SimpleUrlHandlerMapping:registerHandler:341 - Mapped URL path [/**/favicon.ico] onto handler of type [class org.springframework.web.servlet.resource.ResourceHttpRequestHandler]
2017-09-22 15:33:00 | INFO  | [main] org.springframework.jmx.export.annotation.AnnotationMBeanExporter:afterSingletonsInstantiated:431 - Registering beans for JMX exposure on startup
2017-09-22 15:33:00 | INFO  | [main] org.springframework.boot.context.embedded.tomcat.TomcatEmbeddedServletContainer:start:162 - Tomcat started on port(s): 8080 (http)
2017-09-22 15:33:00 | INFO  | [main] com.secureweb.WebApplication:logStarted:57 - Started WebApplication in 7.787 seconds (JVM running for 8.177)
2017-09-22 15:33:20 | INFO  | [pool-2-thread-1] com.secureweb.scheduler.TaskScheduler:reportCurrentTime:35 - scheduler>>>15:33:20
2017-09-22 15:33:40 | INFO  | [pool-2-thread-1] com.secureweb.scheduler.TaskScheduler:reportCurrentTime:35 - scheduler>>>15:33:40
2017-09-22 15:34:00 | INFO  | [pool-2-thread-1] com.secureweb.scheduler.TaskScheduler:reportCurrentTime:35 - scheduler>>>15:34:00
2017-09-22 15:34:20 | INFO  | [pool-2-thread-1] com.secureweb.scheduler.TaskScheduler:reportCurrentTime:35 - scheduler>>>15:34:20
2017-09-22 15:34:40 | INFO  | [pool-2-thread-1] com.secureweb.scheduler.TaskScheduler:reportCurrentTime:35 - scheduler>>>15:34:40
2017-09-22 15:35:00 | INFO  | [pool-2-thread-1] com.secureweb.scheduler.TaskScheduler:reportCurrentTime:35 - scheduler>>>15:35:00
2017-09-22 15:35:20 | INFO  | [pool-2-thread-1] com.secureweb.scheduler.TaskScheduler:reportCurrentTime:35 - scheduler>>>15:35:20
2017-09-22 15:35:40 | INFO  | [pool-2-thread-1] com.secureweb.scheduler.TaskScheduler:reportCurrentTime:35 - scheduler>>>15:35:40
2017-09-22 15:36:00 | INFO  | [pool-2-thread-1] com.secureweb.scheduler.TaskScheduler:reportCurrentTime:35 - scheduler>>>15:36:00
2017-09-22 15:36:20 | INFO  | [pool-2-thread-1] com.secureweb.scheduler.TaskScheduler:reportCurrentTime:35 - scheduler>>>15:36:20
2017-09-22 15:36:40 | INFO  | [pool-2-thread-1] com.secureweb.scheduler.TaskScheduler:reportCurrentTime:35 - scheduler>>>15:36:40
2017-09-22 15:37:00 | INFO  | [pool-2-thread-1] com.secureweb.scheduler.TaskScheduler:reportCurrentTime:35 - scheduler>>>15:37:00
2017-09-22 15:37:20 | INFO  | [pool-2-thread-1] com.secureweb.scheduler.TaskScheduler:reportCurrentTime:35 - scheduler>>>15:37:20
2017-09-22 15:37:40 | INFO  | [pool-2-thread-1] com.secureweb.scheduler.TaskScheduler:reportCurrentTime:35 - scheduler>>>15:37:40
2017-09-22 15:38:00 | INFO  | [pool-2-thread-1] com.secureweb.scheduler.TaskScheduler:reportCurrentTime:35 - scheduler>>>15:38:00
2017-09-22 15:38:20 | INFO  | [pool-2-thread-1] com.secureweb.scheduler.TaskScheduler:reportCurrentTime:35 - scheduler>>>15:38:20
